{"/home/rashid/workspace/book-search-app/src/components/Book.jsx": {"path":"/home/rashid/workspace/book-search-app/src/components/Book.jsx","all":false,"statementMap":{"0":{"start":{"line":1,"column":0},"end":{"line":1,"column":45}},"1":{"start":{"line":2,"column":0},"end":{"line":2,"column":35}},"2":{"start":{"line":3,"column":0},"end":{"line":3,"column":40}},"3":{"start":{"line":4,"column":0},"end":{"line":4,"column":36}},"4":{"start":{"line":5,"column":0},"end":{"line":5,"column":0}},"5":{"start":{"line":6,"column":0},"end":{"line":6,"column":79}},"6":{"start":{"line":7,"column":0},"end":{"line":7,"column":31}},"7":{"start":{"line":8,"column":0},"end":{"line":8,"column":49}},"8":{"start":{"line":9,"column":0},"end":{"line":9,"column":0}},"9":{"start":{"line":10,"column":0},"end":{"line":10,"column":19}},"10":{"start":{"line":11,"column":0},"end":{"line":11,"column":32}},"11":{"start":{"line":12,"column":0},"end":{"line":12,"column":35}},"12":{"start":{"line":13,"column":0},"end":{"line":13,"column":61}},"13":{"start":{"line":14,"column":0},"end":{"line":14,"column":8}},"14":{"start":{"line":15,"column":0},"end":{"line":15,"column":0}},"15":{"start":{"line":16,"column":0},"end":{"line":16,"column":48}},"16":{"start":{"line":17,"column":0},"end":{"line":17,"column":45}},"17":{"start":{"line":18,"column":0},"end":{"line":18,"column":66}},"18":{"start":{"line":19,"column":0},"end":{"line":19,"column":7}},"19":{"start":{"line":20,"column":0},"end":{"line":20,"column":40}},"20":{"start":{"line":21,"column":0},"end":{"line":21,"column":5}},"21":{"start":{"line":22,"column":0},"end":{"line":22,"column":0}},"22":{"start":{"line":23,"column":0},"end":{"line":23,"column":13}},"23":{"start":{"line":24,"column":0},"end":{"line":24,"column":18}},"24":{"start":{"line":25,"column":0},"end":{"line":25,"column":30}},"25":{"start":{"line":26,"column":0},"end":{"line":26,"column":0}},"26":{"start":{"line":27,"column":0},"end":{"line":27,"column":10}},"27":{"start":{"line":28,"column":0},"end":{"line":28,"column":26}},"28":{"start":{"line":29,"column":0},"end":{"line":29,"column":50}},"29":{"start":{"line":30,"column":0},"end":{"line":30,"column":22}},"30":{"start":{"line":31,"column":0},"end":{"line":31,"column":62}},"31":{"start":{"line":32,"column":0},"end":{"line":32,"column":74}},"32":{"start":{"line":33,"column":0},"end":{"line":33,"column":10}},"33":{"start":{"line":34,"column":0},"end":{"line":34,"column":4}},"34":{"start":{"line":35,"column":0},"end":{"line":35,"column":2}},"35":{"start":{"line":36,"column":0},"end":{"line":36,"column":0}},"36":{"start":{"line":37,"column":0},"end":{"line":37,"column":18}},"37":{"start":{"line":38,"column":0},"end":{"line":38,"column":37}},"38":{"start":{"line":39,"column":0},"end":{"line":39,"column":62}},"39":{"start":{"line":40,"column":0},"end":{"line":40,"column":29}},"40":{"start":{"line":41,"column":0},"end":{"line":41,"column":28}},"41":{"start":{"line":42,"column":0},"end":{"line":42,"column":23}},"42":{"start":{"line":43,"column":0},"end":{"line":43,"column":41}},"43":{"start":{"line":44,"column":0},"end":{"line":44,"column":43}},"44":{"start":{"line":45,"column":0},"end":{"line":45,"column":8}},"45":{"start":{"line":46,"column":0},"end":{"line":46,"column":6}},"46":{"start":{"line":47,"column":0},"end":{"line":47,"column":5}},"47":{"start":{"line":48,"column":0},"end":{"line":48,"column":52}},"48":{"start":{"line":49,"column":0},"end":{"line":49,"column":2}},"49":{"start":{"line":50,"column":0},"end":{"line":50,"column":0}},"50":{"start":{"line":51,"column":0},"end":{"line":51,"column":20}}},"s":{"0":1,"1":0,"2":1,"3":1,"4":1,"5":1,"6":1,"7":1,"8":1,"9":1,"10":1,"11":1,"12":1,"13":1,"14":0,"15":0,"16":0,"17":0,"18":0,"19":0,"20":1,"21":1,"22":1,"23":1,"24":1,"25":1,"26":1,"27":1,"28":1,"29":1,"30":1,"31":1,"32":1,"33":1,"34":1,"35":1,"36":1,"37":1,"38":1,"39":1,"40":1,"41":1,"42":1,"43":1,"44":1,"45":1,"46":1,"47":1,"48":1,"49":1,"50":1},"branchMap":{"0":{"type":"branch","line":2,"loc":{"start":{"line":2,"column":0},"end":{"line":2,"column":35}},"locations":[{"start":{"line":2,"column":0},"end":{"line":2,"column":35}}]},"1":{"type":"branch","line":2,"loc":{"start":{"line":2,"column":0},"end":{"line":2,"column":35}},"locations":[{"start":{"line":2,"column":0},"end":{"line":2,"column":35}}]},"2":{"type":"branch","line":2,"loc":{"start":{"line":2,"column":0},"end":{"line":2,"column":35}},"locations":[{"start":{"line":2,"column":0},"end":{"line":2,"column":35}}]},"3":{"type":"branch","line":2,"loc":{"start":{"line":2,"column":0},"end":{"line":2,"column":35}},"locations":[{"start":{"line":2,"column":0},"end":{"line":2,"column":35}}]},"4":{"type":"branch","line":2,"loc":{"start":{"line":2,"column":0},"end":{"line":2,"column":35}},"locations":[{"start":{"line":2,"column":0},"end":{"line":2,"column":35}}]},"5":{"type":"branch","line":2,"loc":{"start":{"line":2,"column":0},"end":{"line":2,"column":35}},"locations":[{"start":{"line":2,"column":0},"end":{"line":2,"column":35}}]},"6":{"type":"branch","line":2,"loc":{"start":{"line":2,"column":0},"end":{"line":2,"column":35}},"locations":[{"start":{"line":2,"column":0},"end":{"line":2,"column":35}}]},"7":{"type":"branch","line":6,"loc":{"start":{"line":6,"column":13},"end":{"line":35,"column":2}},"locations":[{"start":{"line":6,"column":13},"end":{"line":35,"column":2}}]},"8":{"type":"branch","line":8,"loc":{"start":{"line":8,"column":42},"end":{"line":8,"column":44}},"locations":[{"start":{"line":8,"column":42},"end":{"line":8,"column":44}}]},"9":{"type":"branch","line":31,"loc":{"start":{"line":31,"column":50},"end":{"line":31,"column":53}},"locations":[{"start":{"line":31,"column":50},"end":{"line":31,"column":53}}]},"10":{"type":"branch","line":32,"loc":{"start":{"line":32,"column":62},"end":{"line":32,"column":65}},"locations":[{"start":{"line":32,"column":62},"end":{"line":32,"column":65}}]},"11":{"type":"branch","line":10,"loc":{"start":{"line":10,"column":12},"end":{"line":25,"column":3}},"locations":[{"start":{"line":10,"column":12},"end":{"line":25,"column":3}}]},"12":{"type":"branch","line":10,"loc":{"start":{"line":10,"column":18},"end":{"line":11,"column":32}},"locations":[{"start":{"line":10,"column":18},"end":{"line":11,"column":32}}]},"13":{"type":"branch","line":11,"loc":{"start":{"line":11,"column":28},"end":{"line":21,"column":5}},"locations":[{"start":{"line":11,"column":28},"end":{"line":21,"column":5}}]},"14":{"type":"branch","line":11,"loc":{"start":{"line":11,"column":4},"end":{"line":20,"column":40}},"locations":[{"start":{"line":11,"column":4},"end":{"line":20,"column":40}}]},"15":{"type":"branch","line":11,"loc":{"start":{"line":11,"column":4},"end":{"line":20,"column":40}},"locations":[{"start":{"line":11,"column":4},"end":{"line":20,"column":40}}]},"16":{"type":"branch","line":14,"loc":{"start":{"line":14,"column":7},"end":{"line":20,"column":40}},"locations":[{"start":{"line":14,"column":7},"end":{"line":20,"column":40}}]}},"b":{"0":[1],"1":[0],"2":[0],"3":[1],"4":[1],"5":[1],"6":[1],"7":[1],"8":[0],"9":[0],"10":[0],"11":[1],"12":[1],"13":[1],"14":[1],"15":[1],"16":[0]},"fnMap":{"0":{"name":"asyncGeneratorStep","decl":{"start":{"line":2,"column":0},"end":{"line":2,"column":35}},"loc":{"start":{"line":2,"column":0},"end":{"line":2,"column":35}},"line":2},"1":{"name":"_asyncToGenerator","decl":{"start":{"line":2,"column":0},"end":{"line":2,"column":35}},"loc":{"start":{"line":2,"column":0},"end":{"line":2,"column":35}},"line":2},"2":{"name":"_next","decl":{"start":{"line":2,"column":0},"end":{"line":2,"column":35}},"loc":{"start":{"line":2,"column":0},"end":{"line":2,"column":35}},"line":2},"3":{"name":"_throw","decl":{"start":{"line":2,"column":0},"end":{"line":2,"column":35}},"loc":{"start":{"line":2,"column":0},"end":{"line":2,"column":35}},"line":2},"4":{"name":"Book","decl":{"start":{"line":6,"column":13},"end":{"line":35,"column":2}},"loc":{"start":{"line":6,"column":13},"end":{"line":35,"column":2}},"line":6},"5":{"name":"loadCover","decl":{"start":{"line":10,"column":18},"end":{"line":11,"column":32}},"loc":{"start":{"line":10,"column":18},"end":{"line":11,"column":32}},"line":10},"6":{"name":"_loadCover","decl":{"start":{"line":11,"column":28},"end":{"line":21,"column":5}},"loc":{"start":{"line":11,"column":28},"end":{"line":21,"column":5}},"line":11},"7":{"name":"_callee","decl":{"start":{"line":11,"column":4},"end":{"line":20,"column":40}},"loc":{"start":{"line":11,"column":4},"end":{"line":20,"column":40}},"line":11},"8":{"name":"_callee$","decl":{"start":{"line":11,"column":4},"end":{"line":20,"column":40}},"loc":{"start":{"line":11,"column":4},"end":{"line":20,"column":40}},"line":11}},"f":{"0":1,"1":1,"2":1,"3":0,"4":1,"5":1,"6":1,"7":1,"8":1}}
,"/home/rashid/workspace/book-search-app/src/components/SearchBox.jsx": {"path":"/home/rashid/workspace/book-search-app/src/components/SearchBox.jsx","all":false,"statementMap":{"0":{"start":{"line":1,"column":0},"end":{"line":1,"column":57}},"1":{"start":{"line":2,"column":0},"end":{"line":2,"column":35}},"2":{"start":{"line":3,"column":0},"end":{"line":3,"column":54}},"3":{"start":{"line":4,"column":0},"end":{"line":4,"column":45}},"4":{"start":{"line":5,"column":0},"end":{"line":5,"column":0}},"5":{"start":{"line":6,"column":0},"end":{"line":6,"column":49}},"6":{"start":{"line":7,"column":0},"end":{"line":7,"column":47}},"7":{"start":{"line":8,"column":0},"end":{"line":8,"column":41}},"8":{"start":{"line":9,"column":0},"end":{"line":9,"column":0}},"9":{"start":{"line":10,"column":0},"end":{"line":10,"column":74}},"10":{"start":{"line":11,"column":0},"end":{"line":11,"column":13}},"11":{"start":{"line":12,"column":0},"end":{"line":12,"column":82}},"12":{"start":{"line":13,"column":0},"end":{"line":13,"column":32}},"13":{"start":{"line":14,"column":0},"end":{"line":14,"column":23}},"14":{"start":{"line":15,"column":0},"end":{"line":15,"column":31}},"15":{"start":{"line":16,"column":0},"end":{"line":16,"column":9}},"16":{"start":{"line":17,"column":0},"end":{"line":17,"column":17}},"17":{"start":{"line":18,"column":0},"end":{"line":18,"column":0}},"18":{"start":{"line":19,"column":0},"end":{"line":19,"column":21}},"19":{"start":{"line":20,"column":0},"end":{"line":20,"column":20}},"20":{"start":{"line":21,"column":0},"end":{"line":21,"column":34}},"21":{"start":{"line":22,"column":0},"end":{"line":22,"column":32}},"22":{"start":{"line":23,"column":0},"end":{"line":23,"column":0}},"23":{"start":{"line":24,"column":0},"end":{"line":24,"column":12}},"24":{"start":{"line":25,"column":0},"end":{"line":25,"column":13}},"25":{"start":{"line":26,"column":0},"end":{"line":26,"column":164}},"26":{"start":{"line":27,"column":0},"end":{"line":27,"column":18}},"27":{"start":{"line":28,"column":0},"end":{"line":28,"column":19}},"28":{"start":{"line":29,"column":0},"end":{"line":29,"column":21}},"29":{"start":{"line":30,"column":0},"end":{"line":30,"column":79}},"30":{"start":{"line":31,"column":0},"end":{"line":31,"column":55}},"31":{"start":{"line":32,"column":0},"end":{"line":32,"column":56}},"32":{"start":{"line":33,"column":0},"end":{"line":33,"column":67}},"33":{"start":{"line":34,"column":0},"end":{"line":34,"column":25}},"34":{"start":{"line":35,"column":0},"end":{"line":35,"column":20}},"35":{"start":{"line":36,"column":0},"end":{"line":36,"column":14}},"36":{"start":{"line":37,"column":0},"end":{"line":37,"column":6}},"37":{"start":{"line":38,"column":0},"end":{"line":38,"column":1}},"38":{"start":{"line":39,"column":0},"end":{"line":39,"column":0}},"39":{"start":{"line":40,"column":0},"end":{"line":40,"column":23}},"40":{"start":{"line":41,"column":0},"end":{"line":41,"column":30}},"41":{"start":{"line":42,"column":0},"end":{"line":42,"column":1}},"42":{"start":{"line":43,"column":0},"end":{"line":43,"column":0}},"43":{"start":{"line":44,"column":0},"end":{"line":44,"column":25}}},"s":{"0":1,"1":16,"2":1,"3":1,"4":1,"5":8,"6":8,"7":8,"8":8,"9":8,"10":1,"11":1,"12":0,"13":1,"14":1,"15":8,"16":8,"17":8,"18":8,"19":8,"20":8,"21":8,"22":8,"23":8,"24":8,"25":8,"26":8,"27":8,"28":8,"29":8,"30":8,"31":8,"32":8,"33":8,"34":8,"35":8,"36":8,"37":8,"38":1,"39":1,"40":1,"41":1,"42":1,"43":1},"branchMap":{"0":{"type":"branch","line":2,"loc":{"start":{"line":2,"column":0},"end":{"line":2,"column":35}},"locations":[{"start":{"line":2,"column":0},"end":{"line":2,"column":35}}]},"1":{"type":"branch","line":2,"loc":{"start":{"line":2,"column":0},"end":{"line":2,"column":35}},"locations":[{"start":{"line":2,"column":0},"end":{"line":2,"column":35}}]},"2":{"type":"branch","line":2,"loc":{"start":{"line":2,"column":0},"end":{"line":2,"column":35}},"locations":[{"start":{"line":2,"column":0},"end":{"line":2,"column":35}}]},"3":{"type":"branch","line":2,"loc":{"start":{"line":2,"column":0},"end":{"line":2,"column":35}},"locations":[{"start":{"line":2,"column":0},"end":{"line":2,"column":35}}]},"4":{"type":"branch","line":2,"loc":{"start":{"line":2,"column":0},"end":{"line":2,"column":35}},"locations":[{"start":{"line":2,"column":0},"end":{"line":2,"column":35}}]},"5":{"type":"branch","line":2,"loc":{"start":{"line":2,"column":0},"end":{"line":2,"column":35}},"locations":[{"start":{"line":2,"column":0},"end":{"line":2,"column":35}}]},"6":{"type":"branch","line":2,"loc":{"start":{"line":2,"column":0},"end":{"line":2,"column":35}},"locations":[{"start":{"line":2,"column":0},"end":{"line":2,"column":35}}]},"7":{"type":"branch","line":2,"loc":{"start":{"line":2,"column":0},"end":{"line":2,"column":35}},"locations":[{"start":{"line":2,"column":0},"end":{"line":2,"column":35}}]},"8":{"type":"branch","line":2,"loc":{"start":{"line":2,"column":0},"end":{"line":2,"column":35}},"locations":[{"start":{"line":2,"column":0},"end":{"line":2,"column":35}}]},"9":{"type":"branch","line":2,"loc":{"start":{"line":2,"column":0},"end":{"line":2,"column":35}},"locations":[{"start":{"line":2,"column":0},"end":{"line":2,"column":35}}]},"10":{"type":"branch","line":2,"loc":{"start":{"line":2,"column":0},"end":{"line":2,"column":35}},"locations":[{"start":{"line":2,"column":0},"end":{"line":2,"column":35}}]},"11":{"type":"branch","line":2,"loc":{"start":{"line":2,"column":0},"end":{"line":2,"column":35}},"locations":[{"start":{"line":2,"column":0},"end":{"line":2,"column":35}}]},"12":{"type":"branch","line":2,"loc":{"start":{"line":2,"column":0},"end":{"line":2,"column":35}},"locations":[{"start":{"line":2,"column":0},"end":{"line":2,"column":35}}]},"13":{"type":"branch","line":2,"loc":{"start":{"line":2,"column":0},"end":{"line":2,"column":35}},"locations":[{"start":{"line":2,"column":0},"end":{"line":2,"column":35}}]},"14":{"type":"branch","line":6,"loc":{"start":{"line":6,"column":0},"end":{"line":38,"column":1}},"locations":[{"start":{"line":6,"column":0},"end":{"line":38,"column":1}}]},"15":{"type":"branch","line":6,"loc":{"start":{"line":6,"column":44},"end":{"line":6,"column":48}},"locations":[{"start":{"line":6,"column":44},"end":{"line":6,"column":48}}]},"16":{"type":"branch","line":10,"loc":{"start":{"line":10,"column":39},"end":{"line":17,"column":7}},"locations":[{"start":{"line":10,"column":39},"end":{"line":17,"column":7}}]},"17":{"type":"branch","line":10,"loc":{"start":{"line":10,"column":40},"end":{"line":15,"column":31}},"locations":[{"start":{"line":10,"column":40},"end":{"line":15,"column":31}}]},"18":{"type":"branch","line":10,"loc":{"start":{"line":10,"column":68},"end":{"line":15,"column":31}},"locations":[{"start":{"line":10,"column":68},"end":{"line":15,"column":31}}]},"19":{"type":"branch","line":10,"loc":{"start":{"line":10,"column":68},"end":{"line":12,"column":82}},"locations":[{"start":{"line":10,"column":68},"end":{"line":12,"column":82}}]},"20":{"type":"branch","line":12,"loc":{"start":{"line":12,"column":81},"end":{"line":13,"column":32}},"locations":[{"start":{"line":12,"column":81},"end":{"line":13,"column":32}}]},"21":{"type":"branch","line":14,"loc":{"start":{"line":14,"column":-1},"end":{"line":15,"column":31}},"locations":[{"start":{"line":14,"column":-1},"end":{"line":15,"column":31}}]},"22":{"type":"branch","line":17,"loc":{"start":{"line":17,"column":5},"end":{"line":17,"column":7}},"locations":[{"start":{"line":17,"column":5},"end":{"line":17,"column":7}}]},"23":{"type":"branch","line":19,"loc":{"start":{"line":19,"column":14},"end":{"line":22,"column":5}},"locations":[{"start":{"line":19,"column":14},"end":{"line":22,"column":5}}]},"24":{"type":"branch","line":21,"loc":{"start":{"line":21,"column":12},"end":{"line":21,"column":34}},"locations":[{"start":{"line":21,"column":12},"end":{"line":21,"column":34}}]},"25":{"type":"branch","line":26,"loc":{"start":{"line":26,"column":88},"end":{"line":26,"column":122}},"locations":[{"start":{"line":26,"column":88},"end":{"line":26,"column":122}}]}},"b":{"0":[2],"1":[0],"2":[1],"3":[1],"4":[8],"5":[1],"6":[1],"7":[1],"8":[1],"9":[16],"10":[0],"11":[0],"12":[0],"13":[16],"14":[8],"15":[0],"16":[8],"17":[1],"18":[2],"19":[1],"20":[0],"21":[1],"22":[1],"23":[8],"24":[6],"25":[6]},"fnMap":{"0":{"name":"asyncGeneratorStep","decl":{"start":{"line":2,"column":0},"end":{"line":2,"column":35}},"loc":{"start":{"line":2,"column":0},"end":{"line":2,"column":35}},"line":2},"1":{"name":"_asyncToGenerator","decl":{"start":{"line":2,"column":0},"end":{"line":2,"column":35}},"loc":{"start":{"line":2,"column":0},"end":{"line":2,"column":35}},"line":2},"2":{"name":"_next","decl":{"start":{"line":2,"column":0},"end":{"line":2,"column":35}},"loc":{"start":{"line":2,"column":0},"end":{"line":2,"column":35}},"line":2},"3":{"name":"_throw","decl":{"start":{"line":2,"column":0},"end":{"line":2,"column":35}},"loc":{"start":{"line":2,"column":0},"end":{"line":2,"column":35}},"line":2},"4":{"name":"_slicedToArray","decl":{"start":{"line":2,"column":0},"end":{"line":2,"column":35}},"loc":{"start":{"line":2,"column":0},"end":{"line":2,"column":35}},"line":2},"5":{"name":"_nonIterableRest","decl":{"start":{"line":2,"column":0},"end":{"line":2,"column":35}},"loc":{"start":{"line":2,"column":0},"end":{"line":2,"column":35}},"line":2},"6":{"name":"_unsupportedIterableToArray","decl":{"start":{"line":2,"column":0},"end":{"line":2,"column":35}},"loc":{"start":{"line":2,"column":0},"end":{"line":2,"column":35}},"line":2},"7":{"name":"_arrayLikeToArray","decl":{"start":{"line":2,"column":0},"end":{"line":2,"column":35}},"loc":{"start":{"line":2,"column":0},"end":{"line":2,"column":35}},"line":2},"8":{"name":"_iterableToArrayLimit","decl":{"start":{"line":2,"column":0},"end":{"line":2,"column":35}},"loc":{"start":{"line":2,"column":0},"end":{"line":2,"column":35}},"line":2},"9":{"name":"_arrayWithHoles","decl":{"start":{"line":2,"column":0},"end":{"line":2,"column":35}},"loc":{"start":{"line":2,"column":0},"end":{"line":2,"column":35}},"line":2},"10":{"name":"SearchBox","decl":{"start":{"line":6,"column":0},"end":{"line":38,"column":1}},"loc":{"start":{"line":6,"column":0},"end":{"line":38,"column":1}},"line":6},"11":{"name":"SearchBox.setResults","decl":{"start":{"line":6,"column":34},"end":{"line":6,"column":48}},"loc":{"start":{"line":6,"column":34},"end":{"line":6,"column":48}},"line":6},"12":{"name":"_callee","decl":{"start":{"line":10,"column":40},"end":{"line":15,"column":31}},"loc":{"start":{"line":10,"column":40},"end":{"line":15,"column":31}},"line":10},"13":{"name":"_callee$","decl":{"start":{"line":10,"column":68},"end":{"line":15,"column":31}},"loc":{"start":{"line":10,"column":68},"end":{"line":15,"column":31}},"line":10},"14":{"name":"onChange","decl":{"start":{"line":26,"column":88},"end":{"line":26,"column":122}},"loc":{"start":{"line":26,"column":88},"end":{"line":26,"column":122}},"line":26},"15":{"name":"onChange","decl":{"start":{"line":30,"column":47},"end":{"line":30,"column":78}},"loc":{"start":{"line":30,"column":47},"end":{"line":30,"column":78}},"line":30}},"f":{"0":2,"1":8,"2":1,"3":1,"4":16,"5":0,"6":0,"7":0,"8":0,"9":16,"10":8,"11":0,"12":1,"13":2,"14":6,"15":0}}
,"/home/rashid/workspace/book-search-app/src/services/book.service.js": {"path":"/home/rashid/workspace/book-search-app/src/services/book.service.js","all":false,"statementMap":{"0":{"start":{"line":1,"column":0},"end":{"line":1,"column":43}},"1":{"start":{"line":2,"column":0},"end":{"line":2,"column":50}},"2":{"start":{"line":3,"column":0},"end":{"line":3,"column":77}},"3":{"start":{"line":4,"column":0},"end":{"line":4,"column":149}},"4":{"start":{"line":5,"column":0},"end":{"line":5,"column":30}},"5":{"start":{"line":6,"column":0},"end":{"line":6,"column":72}},"6":{"start":{"line":7,"column":0},"end":{"line":7,"column":7}},"7":{"start":{"line":8,"column":0},"end":{"line":8,"column":1}},"8":{"start":{"line":9,"column":0},"end":{"line":9,"column":0}},"9":{"start":{"line":10,"column":0},"end":{"line":10,"column":37}},"10":{"start":{"line":11,"column":0},"end":{"line":11,"column":124}},"11":{"start":{"line":12,"column":0},"end":{"line":12,"column":30}},"12":{"start":{"line":13,"column":0},"end":{"line":13,"column":63}},"13":{"start":{"line":14,"column":0},"end":{"line":14,"column":7}},"14":{"start":{"line":15,"column":0},"end":{"line":15,"column":1}}},"s":{"0":1,"1":1,"2":1,"3":1,"4":1,"5":1,"6":1,"7":1,"8":1,"9":1,"10":0,"11":0,"12":0,"13":0,"14":0},"branchMap":{"0":{"type":"branch","line":1,"loc":{"start":{"line":1,"column":7},"end":{"line":8,"column":1}},"locations":[{"start":{"line":1,"column":7},"end":{"line":8,"column":1}}]},"1":{"type":"branch","line":2,"loc":{"start":{"line":2,"column":26},"end":{"line":2,"column":47}},"locations":[{"start":{"line":2,"column":26},"end":{"line":2,"column":47}}]},"2":{"type":"branch","line":4,"loc":{"start":{"line":4,"column":136},"end":{"line":7,"column":5}},"locations":[{"start":{"line":4,"column":136},"end":{"line":7,"column":5}}]}},"b":{"0":[1],"1":[0],"2":[1]},"fnMap":{"0":{"name":"searchBook","decl":{"start":{"line":1,"column":7},"end":{"line":8,"column":1}},"loc":{"start":{"line":1,"column":7},"end":{"line":8,"column":1}},"line":1},"1":{"name":"getBookByISBN","decl":{"start":{"line":10,"column":7},"end":{"line":15,"column":1}},"loc":{"start":{"line":10,"column":7},"end":{"line":15,"column":1}},"line":10}},"f":{"0":1,"1":0}}
,"/home/rashid/workspace/book-search-app/src/utils/cover.js": {"path":"/home/rashid/workspace/book-search-app/src/utils/cover.js","all":false,"statementMap":{"0":{"start":{"line":1,"column":0},"end":{"line":1,"column":47}},"1":{"start":{"line":2,"column":0},"end":{"line":2,"column":28}},"2":{"start":{"line":3,"column":0},"end":{"line":3,"column":38}},"3":{"start":{"line":4,"column":0},"end":{"line":4,"column":36}},"4":{"start":{"line":5,"column":0},"end":{"line":5,"column":34}},"5":{"start":{"line":6,"column":0},"end":{"line":6,"column":22}},"6":{"start":{"line":7,"column":0},"end":{"line":7,"column":7}},"7":{"start":{"line":8,"column":0},"end":{"line":8,"column":1}}},"s":{"0":1,"1":1,"2":1,"3":1,"4":1,"5":1,"6":1,"7":1},"branchMap":{"0":{"type":"branch","line":2,"loc":{"start":{"line":2,"column":0},"end":{"line":2,"column":10}},"locations":[{"start":{"line":2,"column":0},"end":{"line":2,"column":10}}]},"1":{"type":"branch","line":2,"loc":{"start":{"line":2,"column":0},"end":{"line":2,"column":10}},"locations":[{"start":{"line":2,"column":0},"end":{"line":2,"column":10}}]},"2":{"type":"branch","line":2,"loc":{"start":{"line":2,"column":0},"end":{"line":2,"column":10}},"locations":[{"start":{"line":2,"column":0},"end":{"line":2,"column":10}}]},"3":{"type":"branch","line":2,"loc":{"start":{"line":2,"column":0},"end":{"line":2,"column":10}},"locations":[{"start":{"line":2,"column":0},"end":{"line":2,"column":10}}]},"4":{"type":"branch","line":2,"loc":{"start":{"line":2,"column":0},"end":{"line":2,"column":10}},"locations":[{"start":{"line":2,"column":0},"end":{"line":2,"column":10}}]},"5":{"type":"branch","line":2,"loc":{"start":{"line":2,"column":0},"end":{"line":2,"column":10}},"locations":[{"start":{"line":2,"column":0},"end":{"line":2,"column":10}}]},"6":{"type":"branch","line":2,"loc":{"start":{"line":2,"column":0},"end":{"line":2,"column":10}},"locations":[{"start":{"line":2,"column":0},"end":{"line":2,"column":10}}]},"7":{"type":"branch","line":2,"loc":{"start":{"line":2,"column":0},"end":{"line":2,"column":10}},"locations":[{"start":{"line":2,"column":0},"end":{"line":2,"column":10}}]},"8":{"type":"branch","line":2,"loc":{"start":{"line":2,"column":0},"end":{"line":2,"column":10}},"locations":[{"start":{"line":2,"column":0},"end":{"line":2,"column":10}}]},"9":{"type":"branch","line":2,"loc":{"start":{"line":2,"column":0},"end":{"line":2,"column":10}},"locations":[{"start":{"line":2,"column":0},"end":{"line":2,"column":10}}]},"10":{"type":"branch","line":2,"loc":{"start":{"line":2,"column":0},"end":{"line":2,"column":10}},"locations":[{"start":{"line":2,"column":0},"end":{"line":2,"column":10}}]},"11":{"type":"branch","line":2,"loc":{"start":{"line":2,"column":0},"end":{"line":2,"column":10}},"locations":[{"start":{"line":2,"column":0},"end":{"line":2,"column":10}}]},"12":{"type":"branch","line":2,"loc":{"start":{"line":2,"column":0},"end":{"line":2,"column":10}},"locations":[{"start":{"line":2,"column":0},"end":{"line":2,"column":10}}]},"13":{"type":"branch","line":2,"loc":{"start":{"line":2,"column":0},"end":{"line":2,"column":10}},"locations":[{"start":{"line":2,"column":0},"end":{"line":2,"column":10}}]},"14":{"type":"branch","line":2,"loc":{"start":{"line":2,"column":0},"end":{"line":2,"column":10}},"locations":[{"start":{"line":2,"column":0},"end":{"line":2,"column":10}}]},"15":{"type":"branch","line":2,"loc":{"start":{"line":2,"column":0},"end":{"line":2,"column":10}},"locations":[{"start":{"line":2,"column":0},"end":{"line":2,"column":10}}]},"16":{"type":"branch","line":2,"loc":{"start":{"line":2,"column":0},"end":{"line":2,"column":10}},"locations":[{"start":{"line":2,"column":0},"end":{"line":2,"column":10}}]},"17":{"type":"branch","line":2,"loc":{"start":{"line":2,"column":0},"end":{"line":2,"column":10}},"locations":[{"start":{"line":2,"column":0},"end":{"line":2,"column":10}}]},"18":{"type":"branch","line":2,"loc":{"start":{"line":2,"column":0},"end":{"line":2,"column":10}},"locations":[{"start":{"line":2,"column":0},"end":{"line":2,"column":10}}]},"19":{"type":"branch","line":2,"loc":{"start":{"line":2,"column":0},"end":{"line":2,"column":10}},"locations":[{"start":{"line":2,"column":0},"end":{"line":2,"column":10}}]},"20":{"type":"branch","line":2,"loc":{"start":{"line":2,"column":0},"end":{"line":2,"column":10}},"locations":[{"start":{"line":2,"column":0},"end":{"line":2,"column":10}}]},"21":{"type":"branch","line":2,"loc":{"start":{"line":2,"column":0},"end":{"line":2,"column":10}},"locations":[{"start":{"line":2,"column":0},"end":{"line":2,"column":10}}]},"22":{"type":"branch","line":2,"loc":{"start":{"line":2,"column":0},"end":{"line":2,"column":10}},"locations":[{"start":{"line":2,"column":0},"end":{"line":2,"column":10}}]},"23":{"type":"branch","line":2,"loc":{"start":{"line":2,"column":0},"end":{"line":2,"column":10}},"locations":[{"start":{"line":2,"column":0},"end":{"line":2,"column":10}}]},"24":{"type":"branch","line":2,"loc":{"start":{"line":2,"column":0},"end":{"line":2,"column":10}},"locations":[{"start":{"line":2,"column":0},"end":{"line":2,"column":10}}]},"25":{"type":"branch","line":2,"loc":{"start":{"line":2,"column":0},"end":{"line":2,"column":10}},"locations":[{"start":{"line":2,"column":0},"end":{"line":2,"column":10}}]},"26":{"type":"branch","line":2,"loc":{"start":{"line":2,"column":0},"end":{"line":2,"column":10}},"locations":[{"start":{"line":2,"column":0},"end":{"line":2,"column":10}}]},"27":{"type":"branch","line":2,"loc":{"start":{"line":2,"column":0},"end":{"line":2,"column":10}},"locations":[{"start":{"line":2,"column":0},"end":{"line":2,"column":10}}]},"28":{"type":"branch","line":2,"loc":{"start":{"line":2,"column":0},"end":{"line":2,"column":10}},"locations":[{"start":{"line":2,"column":0},"end":{"line":2,"column":10}}]},"29":{"type":"branch","line":2,"loc":{"start":{"line":2,"column":0},"end":{"line":2,"column":10}},"locations":[{"start":{"line":2,"column":0},"end":{"line":2,"column":10}}]},"30":{"type":"branch","line":2,"loc":{"start":{"line":2,"column":0},"end":{"line":2,"column":10}},"locations":[{"start":{"line":2,"column":0},"end":{"line":2,"column":10}}]},"31":{"type":"branch","line":2,"loc":{"start":{"line":2,"column":0},"end":{"line":2,"column":10}},"locations":[{"start":{"line":2,"column":0},"end":{"line":2,"column":10}}]},"32":{"type":"branch","line":2,"loc":{"start":{"line":2,"column":0},"end":{"line":2,"column":10}},"locations":[{"start":{"line":2,"column":0},"end":{"line":2,"column":10}}]},"33":{"type":"branch","line":2,"loc":{"start":{"line":2,"column":0},"end":{"line":2,"column":10}},"locations":[{"start":{"line":2,"column":0},"end":{"line":2,"column":10}}]},"34":{"type":"branch","line":2,"loc":{"start":{"line":2,"column":0},"end":{"line":2,"column":10}},"locations":[{"start":{"line":2,"column":0},"end":{"line":2,"column":10}}]},"35":{"type":"branch","line":2,"loc":{"start":{"line":2,"column":0},"end":{"line":2,"column":10}},"locations":[{"start":{"line":2,"column":0},"end":{"line":2,"column":10}}]},"36":{"type":"branch","line":2,"loc":{"start":{"line":2,"column":0},"end":{"line":2,"column":10}},"locations":[{"start":{"line":2,"column":0},"end":{"line":2,"column":10}}]},"37":{"type":"branch","line":2,"loc":{"start":{"line":2,"column":0},"end":{"line":2,"column":10}},"locations":[{"start":{"line":2,"column":0},"end":{"line":2,"column":10}}]},"38":{"type":"branch","line":2,"loc":{"start":{"line":2,"column":0},"end":{"line":2,"column":10}},"locations":[{"start":{"line":2,"column":0},"end":{"line":2,"column":10}}]},"39":{"type":"branch","line":2,"loc":{"start":{"line":2,"column":0},"end":{"line":2,"column":10}},"locations":[{"start":{"line":2,"column":0},"end":{"line":2,"column":10}}]},"40":{"type":"branch","line":2,"loc":{"start":{"line":2,"column":0},"end":{"line":2,"column":10}},"locations":[{"start":{"line":2,"column":0},"end":{"line":2,"column":10}}]},"41":{"type":"branch","line":2,"loc":{"start":{"line":2,"column":0},"end":{"line":2,"column":10}},"locations":[{"start":{"line":2,"column":0},"end":{"line":2,"column":10}}]},"42":{"type":"branch","line":2,"loc":{"start":{"line":2,"column":0},"end":{"line":2,"column":10}},"locations":[{"start":{"line":2,"column":0},"end":{"line":2,"column":10}}]},"43":{"type":"branch","line":2,"loc":{"start":{"line":2,"column":0},"end":{"line":2,"column":10}},"locations":[{"start":{"line":2,"column":0},"end":{"line":2,"column":10}}]},"44":{"type":"branch","line":2,"loc":{"start":{"line":2,"column":0},"end":{"line":2,"column":10}},"locations":[{"start":{"line":2,"column":0},"end":{"line":2,"column":10}}]},"45":{"type":"branch","line":2,"loc":{"start":{"line":2,"column":0},"end":{"line":2,"column":10}},"locations":[{"start":{"line":2,"column":0},"end":{"line":2,"column":10}}]},"46":{"type":"branch","line":2,"loc":{"start":{"line":2,"column":0},"end":{"line":2,"column":10}},"locations":[{"start":{"line":2,"column":0},"end":{"line":2,"column":10}}]},"47":{"type":"branch","line":2,"loc":{"start":{"line":2,"column":0},"end":{"line":2,"column":10}},"locations":[{"start":{"line":2,"column":0},"end":{"line":2,"column":10}}]},"48":{"type":"branch","line":2,"loc":{"start":{"line":2,"column":0},"end":{"line":2,"column":10}},"locations":[{"start":{"line":2,"column":0},"end":{"line":2,"column":10}}]},"49":{"type":"branch","line":2,"loc":{"start":{"line":2,"column":0},"end":{"line":2,"column":10}},"locations":[{"start":{"line":2,"column":0},"end":{"line":2,"column":10}}]},"50":{"type":"branch","line":2,"loc":{"start":{"line":2,"column":0},"end":{"line":2,"column":10}},"locations":[{"start":{"line":2,"column":0},"end":{"line":2,"column":10}}]},"51":{"type":"branch","line":2,"loc":{"start":{"line":2,"column":0},"end":{"line":2,"column":10}},"locations":[{"start":{"line":2,"column":0},"end":{"line":2,"column":10}}]},"52":{"type":"branch","line":2,"loc":{"start":{"line":2,"column":0},"end":{"line":2,"column":10}},"locations":[{"start":{"line":2,"column":0},"end":{"line":2,"column":10}}]},"53":{"type":"branch","line":2,"loc":{"start":{"line":2,"column":0},"end":{"line":2,"column":10}},"locations":[{"start":{"line":2,"column":0},"end":{"line":2,"column":10}}]},"54":{"type":"branch","line":2,"loc":{"start":{"line":2,"column":0},"end":{"line":2,"column":10}},"locations":[{"start":{"line":2,"column":0},"end":{"line":2,"column":10}}]},"55":{"type":"branch","line":2,"loc":{"start":{"line":2,"column":0},"end":{"line":2,"column":10}},"locations":[{"start":{"line":2,"column":0},"end":{"line":2,"column":10}}]},"56":{"type":"branch","line":2,"loc":{"start":{"line":2,"column":0},"end":{"line":2,"column":10}},"locations":[{"start":{"line":2,"column":0},"end":{"line":2,"column":10}}]},"57":{"type":"branch","line":2,"loc":{"start":{"line":2,"column":0},"end":{"line":2,"column":10}},"locations":[{"start":{"line":2,"column":0},"end":{"line":2,"column":10}}]},"58":{"type":"branch","line":2,"loc":{"start":{"line":2,"column":0},"end":{"line":2,"column":10}},"locations":[{"start":{"line":2,"column":0},"end":{"line":2,"column":10}}]},"59":{"type":"branch","line":2,"loc":{"start":{"line":2,"column":0},"end":{"line":2,"column":10}},"locations":[{"start":{"line":2,"column":0},"end":{"line":2,"column":10}}]},"60":{"type":"branch","line":2,"loc":{"start":{"line":2,"column":0},"end":{"line":2,"column":10}},"locations":[{"start":{"line":2,"column":0},"end":{"line":2,"column":10}}]},"61":{"type":"branch","line":1,"loc":{"start":{"line":1,"column":40},"end":{"line":8,"column":1}},"locations":[{"start":{"line":1,"column":40},"end":{"line":8,"column":1}}]},"62":{"type":"branch","line":1,"loc":{"start":{"line":1,"column":15},"end":{"line":7,"column":7}},"locations":[{"start":{"line":1,"column":15},"end":{"line":7,"column":7}}]},"63":{"type":"branch","line":1,"loc":{"start":{"line":1,"column":44},"end":{"line":7,"column":7}},"locations":[{"start":{"line":1,"column":44},"end":{"line":7,"column":7}}]},"64":{"type":"branch","line":1,"loc":{"start":{"line":1,"column":44},"end":{"line":7,"column":7}},"locations":[{"start":{"line":1,"column":44},"end":{"line":7,"column":7}}]},"65":{"type":"branch","line":7,"loc":{"start":{"line":7,"column":6},"end":{"line":7,"column":7}},"locations":[{"start":{"line":7,"column":6},"end":{"line":7,"column":7}}]},"66":{"type":"branch","line":7,"loc":{"start":{"line":7,"column":6},"end":{"line":7,"column":7}},"locations":[{"start":{"line":7,"column":6},"end":{"line":7,"column":7}}]},"67":{"type":"branch","line":3,"loc":{"start":{"line":3,"column":23},"end":{"line":7,"column":5}},"locations":[{"start":{"line":3,"column":23},"end":{"line":7,"column":5}}]}},"b":{"0":[1],"1":[0],"2":[0],"3":[0],"4":[0],"5":[0],"6":[0],"7":[1],"8":[13],"9":[1],"10":[0],"11":[2],"12":[0],"13":[2],"14":[6],"15":[1],"16":[1],"17":[1],"18":[0],"19":[0],"20":[2],"21":[0],"22":[1],"23":[0],"24":[1],"25":[1],"26":[1],"27":[0],"28":[1],"29":[1],"30":[1],"31":[0],"32":[0],"33":[0],"34":[1],"35":[0],"36":[1],"37":[0],"38":[1],"39":[0],"40":[2],"41":[0],"42":[0],"43":[0],"44":[0],"45":[0],"46":[0],"47":[0],"48":[0],"49":[0],"50":[2],"51":[0],"52":[0],"53":[0],"54":[1],"55":[0],"56":[0],"57":[1],"58":[1],"59":[1],"60":[1],"61":[1],"62":[1],"63":[2],"64":[1],"65":[0],"66":[1],"67":[1]},"fnMap":{"0":{"name":"_regeneratorRuntime","decl":{"start":{"line":2,"column":0},"end":{"line":2,"column":10}},"loc":{"start":{"line":2,"column":0},"end":{"line":2,"column":10}},"line":2},"1":{"name":"_regeneratorRuntime","decl":{"start":{"line":2,"column":0},"end":{"line":2,"column":10}},"loc":{"start":{"line":2,"column":0},"end":{"line":2,"column":10}},"line":2},"2":{"name":"o","decl":{"start":{"line":2,"column":0},"end":{"line":2,"column":10}},"loc":{"start":{"line":2,"column":0},"end":{"line":2,"column":10}},"line":2},"3":{"name":"define","decl":{"start":{"line":2,"column":0},"end":{"line":2,"column":10}},"loc":{"start":{"line":2,"column":0},"end":{"line":2,"column":10}},"line":2},"4":{"name":"define","decl":{"start":{"line":2,"column":0},"end":{"line":2,"column":10}},"loc":{"start":{"line":2,"column":0},"end":{"line":2,"column":10}},"line":2},"5":{"name":"wrap","decl":{"start":{"line":2,"column":0},"end":{"line":2,"column":10}},"loc":{"start":{"line":2,"column":0},"end":{"line":2,"column":10}},"line":2},"6":{"name":"tryCatch","decl":{"start":{"line":2,"column":0},"end":{"line":2,"column":10}},"loc":{"start":{"line":2,"column":0},"end":{"line":2,"column":10}},"line":2},"7":{"name":"Generator","decl":{"start":{"line":2,"column":0},"end":{"line":2,"column":10}},"loc":{"start":{"line":2,"column":0},"end":{"line":2,"column":10}},"line":2},"8":{"name":"GeneratorFunction","decl":{"start":{"line":2,"column":0},"end":{"line":2,"column":10}},"loc":{"start":{"line":2,"column":0},"end":{"line":2,"column":10}},"line":2},"9":{"name":"GeneratorFunctionPrototype","decl":{"start":{"line":2,"column":0},"end":{"line":2,"column":10}},"loc":{"start":{"line":2,"column":0},"end":{"line":2,"column":10}},"line":2},"10":{"name":"defineIteratorMethods","decl":{"start":{"line":2,"column":0},"end":{"line":2,"column":10}},"loc":{"start":{"line":2,"column":0},"end":{"line":2,"column":10}},"line":2},"11":{"name":"AsyncIterator","decl":{"start":{"line":2,"column":0},"end":{"line":2,"column":10}},"loc":{"start":{"line":2,"column":0},"end":{"line":2,"column":10}},"line":2},"12":{"name":"makeInvokeMethod","decl":{"start":{"line":2,"column":0},"end":{"line":2,"column":10}},"loc":{"start":{"line":2,"column":0},"end":{"line":2,"column":10}},"line":2},"13":{"name":"maybeInvokeDelegate","decl":{"start":{"line":2,"column":0},"end":{"line":2,"column":10}},"loc":{"start":{"line":2,"column":0},"end":{"line":2,"column":10}},"line":2},"14":{"name":"pushTryEntry","decl":{"start":{"line":2,"column":0},"end":{"line":2,"column":10}},"loc":{"start":{"line":2,"column":0},"end":{"line":2,"column":10}},"line":2},"15":{"name":"resetTryEntry","decl":{"start":{"line":2,"column":0},"end":{"line":2,"column":10}},"loc":{"start":{"line":2,"column":0},"end":{"line":2,"column":10}},"line":2},"16":{"name":"Context","decl":{"start":{"line":2,"column":0},"end":{"line":2,"column":10}},"loc":{"start":{"line":2,"column":0},"end":{"line":2,"column":10}},"line":2},"17":{"name":"values","decl":{"start":{"line":2,"column":0},"end":{"line":2,"column":10}},"loc":{"start":{"line":2,"column":0},"end":{"line":2,"column":10}},"line":2},"18":{"name":"next","decl":{"start":{"line":2,"column":0},"end":{"line":2,"column":10}},"loc":{"start":{"line":2,"column":0},"end":{"line":2,"column":10}},"line":2},"19":{"name":"e.isGeneratorFunction","decl":{"start":{"line":2,"column":0},"end":{"line":2,"column":10}},"loc":{"start":{"line":2,"column":0},"end":{"line":2,"column":10}},"line":2},"20":{"name":"e.mark","decl":{"start":{"line":2,"column":0},"end":{"line":2,"column":10}},"loc":{"start":{"line":2,"column":0},"end":{"line":2,"column":10}},"line":2},"21":{"name":"e.awrap","decl":{"start":{"line":2,"column":0},"end":{"line":2,"column":10}},"loc":{"start":{"line":2,"column":0},"end":{"line":2,"column":10}},"line":2},"22":{"name":"e.async","decl":{"start":{"line":2,"column":0},"end":{"line":2,"column":10}},"loc":{"start":{"line":2,"column":0},"end":{"line":2,"column":10}},"line":2},"23":{"name":"e.keys","decl":{"start":{"line":2,"column":0},"end":{"line":2,"column":10}},"loc":{"start":{"line":2,"column":0},"end":{"line":2,"column":10}},"line":2},"24":{"name":"reset","decl":{"start":{"line":2,"column":0},"end":{"line":2,"column":10}},"loc":{"start":{"line":2,"column":0},"end":{"line":2,"column":10}},"line":2},"25":{"name":"stop","decl":{"start":{"line":2,"column":0},"end":{"line":2,"column":10}},"loc":{"start":{"line":2,"column":0},"end":{"line":2,"column":10}},"line":2},"26":{"name":"dispatchException","decl":{"start":{"line":2,"column":0},"end":{"line":2,"column":10}},"loc":{"start":{"line":2,"column":0},"end":{"line":2,"column":10}},"line":2},"27":{"name":"abrupt","decl":{"start":{"line":2,"column":0},"end":{"line":2,"column":10}},"loc":{"start":{"line":2,"column":0},"end":{"line":2,"column":10}},"line":2},"28":{"name":"complete","decl":{"start":{"line":2,"column":0},"end":{"line":2,"column":10}},"loc":{"start":{"line":2,"column":0},"end":{"line":2,"column":10}},"line":2},"29":{"name":"finish","decl":{"start":{"line":2,"column":0},"end":{"line":2,"column":10}},"loc":{"start":{"line":2,"column":0},"end":{"line":2,"column":10}},"line":2},"30":{"name":"_catch","decl":{"start":{"line":2,"column":0},"end":{"line":2,"column":10}},"loc":{"start":{"line":2,"column":0},"end":{"line":2,"column":10}},"line":2},"31":{"name":"delegateYield","decl":{"start":{"line":2,"column":0},"end":{"line":2,"column":10}},"loc":{"start":{"line":2,"column":0},"end":{"line":2,"column":10}},"line":2},"32":{"name":"asyncGeneratorStep","decl":{"start":{"line":2,"column":0},"end":{"line":2,"column":10}},"loc":{"start":{"line":2,"column":0},"end":{"line":2,"column":10}},"line":2},"33":{"name":"_asyncToGenerator","decl":{"start":{"line":2,"column":0},"end":{"line":2,"column":10}},"loc":{"start":{"line":2,"column":0},"end":{"line":2,"column":10}},"line":2},"34":{"name":"_next","decl":{"start":{"line":2,"column":0},"end":{"line":2,"column":10}},"loc":{"start":{"line":2,"column":0},"end":{"line":2,"column":10}},"line":2},"35":{"name":"_throw","decl":{"start":{"line":2,"column":0},"end":{"line":2,"column":10}},"loc":{"start":{"line":2,"column":0},"end":{"line":2,"column":10}},"line":2},"36":{"name":"_fetchImage","decl":{"start":{"line":1,"column":40},"end":{"line":8,"column":1}},"loc":{"start":{"line":1,"column":40},"end":{"line":8,"column":1}},"line":1},"37":{"name":"_callee","decl":{"start":{"line":1,"column":15},"end":{"line":7,"column":7}},"loc":{"start":{"line":1,"column":15},"end":{"line":7,"column":7}},"line":1},"38":{"name":"_callee$","decl":{"start":{"line":1,"column":44},"end":{"line":7,"column":7}},"loc":{"start":{"line":1,"column":44},"end":{"line":7,"column":7}},"line":1},"39":{"name":"img.onload","decl":{"start":{"line":4,"column":21},"end":{"line":4,"column":36}},"loc":{"start":{"line":4,"column":21},"end":{"line":4,"column":36}},"line":4},"40":{"name":"img.onerror","decl":{"start":{"line":5,"column":22},"end":{"line":5,"column":34}},"loc":{"start":{"line":5,"column":22},"end":{"line":5,"column":34}},"line":5}},"f":{"0":1,"1":1,"2":0,"3":13,"4":0,"5":1,"6":2,"7":0,"8":0,"9":0,"10":2,"11":0,"12":1,"13":0,"14":0,"15":1,"16":1,"17":1,"18":0,"19":0,"20":1,"21":0,"22":0,"23":0,"24":1,"25":1,"26":0,"27":2,"28":2,"29":0,"30":0,"31":0,"32":1,"33":1,"34":1,"35":0,"36":1,"37":1,"38":2,"39":0,"40":0}}
,"/home/rashid/workspace/book-search-app/src/utils/debounce.js": {"path":"/home/rashid/workspace/book-search-app/src/utils/debounce.js","all":false,"statementMap":{"0":{"start":{"line":1,"column":0},"end":{"line":1,"column":54}},"1":{"start":{"line":2,"column":0},"end":{"line":2,"column":12}},"2":{"start":{"line":3,"column":0},"end":{"line":3,"column":23}},"3":{"start":{"line":4,"column":0},"end":{"line":4,"column":24}},"4":{"start":{"line":5,"column":0},"end":{"line":5,"column":67}},"5":{"start":{"line":6,"column":0},"end":{"line":6,"column":4}},"6":{"start":{"line":7,"column":0},"end":{"line":7,"column":1}},"7":{"start":{"line":8,"column":0},"end":{"line":8,"column":0}},"8":{"start":{"line":9,"column":0},"end":{"line":9,"column":39}},"9":{"start":{"line":10,"column":0},"end":{"line":10,"column":25}},"10":{"start":{"line":11,"column":0},"end":{"line":11,"column":21}},"11":{"start":{"line":12,"column":0},"end":{"line":12,"column":27}},"12":{"start":{"line":13,"column":0},"end":{"line":13,"column":25}},"13":{"start":{"line":14,"column":0},"end":{"line":14,"column":22}},"14":{"start":{"line":15,"column":0},"end":{"line":15,"column":32}},"15":{"start":{"line":16,"column":0},"end":{"line":16,"column":24}},"16":{"start":{"line":17,"column":0},"end":{"line":17,"column":50}},"17":{"start":{"line":18,"column":0},"end":{"line":18,"column":5}},"18":{"start":{"line":19,"column":0},"end":{"line":19,"column":3}},"19":{"start":{"line":20,"column":0},"end":{"line":20,"column":1}}},"s":{"0":1,"1":0,"2":0,"3":0,"4":0,"5":0,"6":0,"7":1,"8":1,"9":8,"10":8,"11":6,"12":6,"13":6,"14":1,"15":1,"16":1,"17":1,"18":6,"19":8},"branchMap":{"0":{"type":"branch","line":9,"loc":{"start":{"line":9,"column":7},"end":{"line":20,"column":1}},"locations":[{"start":{"line":9,"column":7},"end":{"line":20,"column":1}}]},"1":{"type":"branch","line":11,"loc":{"start":{"line":11,"column":9},"end":{"line":19,"column":3}},"locations":[{"start":{"line":11,"column":9},"end":{"line":19,"column":3}}]},"2":{"type":"branch","line":14,"loc":{"start":{"line":14,"column":21},"end":{"line":18,"column":5}},"locations":[{"start":{"line":14,"column":21},"end":{"line":18,"column":5}}]}},"b":{"0":[8],"1":[6],"2":[1]},"fnMap":{"0":{"name":"debounce","decl":{"start":{"line":1,"column":15},"end":{"line":7,"column":1}},"loc":{"start":{"line":1,"column":15},"end":{"line":7,"column":1}},"line":1},"1":{"name":"throttle","decl":{"start":{"line":9,"column":7},"end":{"line":20,"column":1}},"loc":{"start":{"line":9,"column":7},"end":{"line":20,"column":1}},"line":9}},"f":{"0":0,"1":8}}
,"/home/rashid/workspace/book-search-app/src/utils/olid.js": {"path":"/home/rashid/workspace/book-search-app/src/utils/olid.js","all":false,"statementMap":{"0":{"start":{"line":1,"column":0},"end":{"line":1,"column":38}},"1":{"start":{"line":2,"column":0},"end":{"line":2,"column":51}},"2":{"start":{"line":3,"column":0},"end":{"line":3,"column":1}}},"s":{"0":1,"1":1,"2":1},"branchMap":{"0":{"type":"branch","line":1,"loc":{"start":{"line":1,"column":15},"end":{"line":3,"column":1}},"locations":[{"start":{"line":1,"column":15},"end":{"line":3,"column":1}}]},"1":{"type":"branch","line":2,"loc":{"start":{"line":2,"column":43},"end":{"line":2,"column":50}},"locations":[{"start":{"line":2,"column":43},"end":{"line":2,"column":50}}]}},"b":{"0":[1],"1":[0]},"fnMap":{"0":{"name":"getOlid","decl":{"start":{"line":1,"column":15},"end":{"line":3,"column":1}},"loc":{"start":{"line":1,"column":15},"end":{"line":3,"column":1}},"line":1}},"f":{"0":1}}
}
