TN:
SF:src/components/Book.jsx
FN:2,asyncGeneratorStep
FN:2,_asyncToGenerator
FN:2,_next
FN:2,_throw
FN:6,Book
FN:10,loadCover
FN:11,_loadCover
FN:11,_callee
FN:11,_callee$
FNF:9
FNH:8
FNDA:1,asyncGeneratorStep
FNDA:1,_asyncToGenerator
FNDA:1,_next
FNDA:0,_throw
FNDA:1,Book
FNDA:1,loadCover
FNDA:1,_loadCover
FNDA:1,_callee
FNDA:1,_callee$
DA:1,1
DA:2,0
DA:3,1
DA:4,1
DA:5,1
DA:6,1
DA:7,1
DA:8,1
DA:9,1
DA:10,1
DA:11,1
DA:12,1
DA:13,1
DA:14,1
DA:15,0
DA:16,0
DA:17,0
DA:18,0
DA:19,0
DA:20,0
DA:21,1
DA:22,1
DA:23,1
DA:24,1
DA:25,1
DA:26,1
DA:27,1
DA:28,1
DA:29,1
DA:30,1
DA:31,1
DA:32,1
DA:33,1
DA:34,1
DA:35,1
DA:36,1
DA:37,1
DA:38,1
DA:39,1
DA:40,1
DA:41,1
DA:42,1
DA:43,1
DA:44,1
DA:45,1
DA:46,1
DA:47,1
DA:48,1
DA:49,1
DA:50,1
DA:51,1
LF:51
LH:44
BRDA:2,0,0,1
BRDA:2,1,0,0
BRDA:2,2,0,0
BRDA:2,3,0,1
BRDA:2,4,0,1
BRDA:2,5,0,1
BRDA:2,6,0,1
BRDA:6,7,0,1
BRDA:8,8,0,0
BRDA:31,9,0,0
BRDA:32,10,0,0
BRDA:10,11,0,1
BRDA:10,12,0,1
BRDA:11,13,0,1
BRDA:11,14,0,1
BRDA:11,15,0,1
BRDA:14,16,0,0
BRF:17
BRH:11
end_of_record
TN:
SF:src/components/SearchBox.jsx
FN:2,asyncGeneratorStep
FN:2,_asyncToGenerator
FN:2,_next
FN:2,_throw
FN:2,_slicedToArray
FN:2,_nonIterableRest
FN:2,_unsupportedIterableToArray
FN:2,_arrayLikeToArray
FN:2,_iterableToArrayLimit
FN:2,_arrayWithHoles
FN:6,SearchBox
FN:6,SearchBox.setResults
FN:10,_callee
FN:10,_callee$
FN:26,onChange
FN:30,onChange
FNF:16
FNH:10
FNDA:2,asyncGeneratorStep
FNDA:8,_asyncToGenerator
FNDA:1,_next
FNDA:1,_throw
FNDA:16,_slicedToArray
FNDA:0,_nonIterableRest
FNDA:0,_unsupportedIterableToArray
FNDA:0,_arrayLikeToArray
FNDA:0,_iterableToArrayLimit
FNDA:16,_arrayWithHoles
FNDA:8,SearchBox
FNDA:0,SearchBox.setResults
FNDA:1,_callee
FNDA:2,_callee$
FNDA:6,onChange
FNDA:0,onChange
DA:1,1
DA:2,16
DA:3,1
DA:4,1
DA:5,1
DA:6,8
DA:7,8
DA:8,8
DA:9,8
DA:10,8
DA:11,1
DA:12,1
DA:13,0
DA:14,1
DA:15,1
DA:16,8
DA:17,8
DA:18,8
DA:19,8
DA:20,8
DA:21,8
DA:22,8
DA:23,8
DA:24,8
DA:25,8
DA:26,8
DA:27,8
DA:28,8
DA:29,8
DA:30,8
DA:31,8
DA:32,8
DA:33,8
DA:34,8
DA:35,8
DA:36,8
DA:37,8
DA:38,8
DA:39,1
DA:40,1
DA:41,1
DA:42,1
DA:43,1
DA:44,1
LF:44
LH:43
BRDA:2,0,0,2
BRDA:2,1,0,0
BRDA:2,2,0,1
BRDA:2,3,0,1
BRDA:2,4,0,8
BRDA:2,5,0,1
BRDA:2,6,0,1
BRDA:2,7,0,1
BRDA:2,8,0,1
BRDA:2,9,0,16
BRDA:2,10,0,0
BRDA:2,11,0,0
BRDA:2,12,0,0
BRDA:2,13,0,16
BRDA:6,14,0,8
BRDA:6,15,0,0
BRDA:10,16,0,8
BRDA:10,17,0,1
BRDA:10,18,0,2
BRDA:10,19,0,1
BRDA:12,20,0,0
BRDA:14,21,0,1
BRDA:17,22,0,1
BRDA:19,23,0,8
BRDA:21,24,0,6
BRDA:26,25,0,6
BRF:26
BRH:20
end_of_record
TN:
SF:src/services/book.service.js
FN:1,searchBook
FN:10,getBookByISBN
FNF:2
FNH:1
FNDA:1,searchBook
FNDA:0,getBookByISBN
DA:1,1
DA:2,1
DA:3,1
DA:4,1
DA:5,1
DA:6,1
DA:7,1
DA:8,1
DA:9,1
DA:10,1
DA:11,0
DA:12,0
DA:13,0
DA:14,0
DA:15,0
LF:15
LH:10
BRDA:1,0,0,1
BRDA:2,1,0,0
BRDA:4,2,0,1
BRF:3
BRH:2
end_of_record
TN:
SF:src/utils/cover.js
FN:2,_regeneratorRuntime
FN:2,_regeneratorRuntime
FN:2,o
FN:2,define
FN:2,define
FN:2,wrap
FN:2,tryCatch
FN:2,Generator
FN:2,GeneratorFunction
FN:2,GeneratorFunctionPrototype
FN:2,defineIteratorMethods
FN:2,AsyncIterator
FN:2,makeInvokeMethod
FN:2,maybeInvokeDelegate
FN:2,pushTryEntry
FN:2,resetTryEntry
FN:2,Context
FN:2,values
FN:2,next
FN:2,e.isGeneratorFunction
FN:2,e.mark
FN:2,e.awrap
FN:2,e.async
FN:2,e.keys
FN:2,reset
FN:2,stop
FN:2,dispatchException
FN:2,abrupt
FN:2,complete
FN:2,finish
FN:2,_catch
FN:2,delegateYield
FN:2,asyncGeneratorStep
FN:2,_asyncToGenerator
FN:2,_next
FN:2,_throw
FN:1,_fetchImage
FN:1,_callee
FN:1,_callee$
FN:4,img.onload
FN:5,img.onerror
FNF:41
FNH:21
FNDA:1,_regeneratorRuntime
FNDA:1,_regeneratorRuntime
FNDA:0,o
FNDA:13,define
FNDA:0,define
FNDA:1,wrap
FNDA:2,tryCatch
FNDA:0,Generator
FNDA:0,GeneratorFunction
FNDA:0,GeneratorFunctionPrototype
FNDA:2,defineIteratorMethods
FNDA:0,AsyncIterator
FNDA:1,makeInvokeMethod
FNDA:0,maybeInvokeDelegate
FNDA:0,pushTryEntry
FNDA:1,resetTryEntry
FNDA:1,Context
FNDA:1,values
FNDA:0,next
FNDA:0,e.isGeneratorFunction
FNDA:1,e.mark
FNDA:0,e.awrap
FNDA:0,e.async
FNDA:0,e.keys
FNDA:1,reset
FNDA:1,stop
FNDA:0,dispatchException
FNDA:2,abrupt
FNDA:2,complete
FNDA:0,finish
FNDA:0,_catch
FNDA:0,delegateYield
FNDA:1,asyncGeneratorStep
FNDA:1,_asyncToGenerator
FNDA:1,_next
FNDA:0,_throw
FNDA:1,_fetchImage
FNDA:1,_callee
FNDA:2,_callee$
FNDA:0,img.onload
FNDA:0,img.onerror
DA:1,1
DA:2,1
DA:3,1
DA:4,1
DA:5,1
DA:6,1
DA:7,1
DA:8,1
LF:8
LH:8
BRDA:2,0,0,1
BRDA:2,1,0,0
BRDA:2,2,0,0
BRDA:2,3,0,0
BRDA:2,4,0,0
BRDA:2,5,0,0
BRDA:2,6,0,0
BRDA:2,7,0,1
BRDA:2,8,0,13
BRDA:2,9,0,1
BRDA:2,10,0,0
BRDA:2,11,0,2
BRDA:2,12,0,0
BRDA:2,13,0,2
BRDA:2,14,0,6
BRDA:2,15,0,1
BRDA:2,16,0,1
BRDA:2,17,0,1
BRDA:2,18,0,0
BRDA:2,19,0,0
BRDA:2,20,0,2
BRDA:2,21,0,0
BRDA:2,22,0,1
BRDA:2,23,0,0
BRDA:2,24,0,1
BRDA:2,25,0,1
BRDA:2,26,0,1
BRDA:2,27,0,0
BRDA:2,28,0,1
BRDA:2,29,0,1
BRDA:2,30,0,1
BRDA:2,31,0,0
BRDA:2,32,0,0
BRDA:2,33,0,0
BRDA:2,34,0,1
BRDA:2,35,0,0
BRDA:2,36,0,1
BRDA:2,37,0,0
BRDA:2,38,0,1
BRDA:2,39,0,0
BRDA:2,40,0,2
BRDA:2,41,0,0
BRDA:2,42,0,0
BRDA:2,43,0,0
BRDA:2,44,0,0
BRDA:2,45,0,0
BRDA:2,46,0,0
BRDA:2,47,0,0
BRDA:2,48,0,0
BRDA:2,49,0,0
BRDA:2,50,0,2
BRDA:2,51,0,0
BRDA:2,52,0,0
BRDA:2,53,0,0
BRDA:2,54,0,1
BRDA:2,55,0,0
BRDA:2,56,0,0
BRDA:2,57,0,1
BRDA:2,58,0,1
BRDA:2,59,0,1
BRDA:2,60,0,1
BRDA:1,61,0,1
BRDA:1,62,0,1
BRDA:1,63,0,2
BRDA:1,64,0,1
BRDA:7,65,0,0
BRDA:7,66,0,1
BRDA:3,67,0,1
BRF:68
BRH:34
end_of_record
TN:
SF:src/utils/debounce.js
FN:1,debounce
FN:9,throttle
FNF:2
FNH:1
FNDA:0,debounce
FNDA:8,throttle
DA:1,1
DA:2,0
DA:3,0
DA:4,0
DA:5,0
DA:6,0
DA:7,0
DA:8,1
DA:9,1
DA:10,8
DA:11,8
DA:12,6
DA:13,6
DA:14,6
DA:15,1
DA:16,1
DA:17,1
DA:18,1
DA:19,6
DA:20,8
LF:20
LH:14
BRDA:9,0,0,8
BRDA:11,1,0,6
BRDA:14,2,0,1
BRF:3
BRH:3
end_of_record
TN:
SF:src/utils/olid.js
FN:1,getOlid
FNF:1
FNH:1
FNDA:1,getOlid
DA:1,1
DA:2,1
DA:3,1
LF:3
LH:3
BRDA:1,0,0,1
BRDA:2,1,0,0
BRF:2
BRH:1
end_of_record
